{
  "RSpec": {
    "coverage": {
      "/home/guidohcosta/projects/devmagic/databazi/config/environment.rb": [
        null,
        1,
        null,
        null,
        1
      ],
      "/home/guidohcosta/projects/devmagic/databazi/config/application.rb": [
        1,
        null,
        1,
        null,
        1,
        1,
        1,
        1,
        1,
        1,
        1,
        1,
        1,
        1,
        null,
        null,
        null,
        1,
        null,
        1,
        1,
        null,
        1,
        null,
        null,
        null,
        null,
        null,
        null,
        null,
        null,
        null,
        1,
        null,
        1,
        1,
        null,
        4,
        1,
        null,
        null,
        null
      ],
      "/home/guidohcosta/projects/devmagic/databazi/config/boot.rb": [
        1,
        null,
        1,
        1
      ],
      "/home/guidohcosta/projects/devmagic/databazi/config/environments/test.rb": [
        1,
        null,
        null,
        null,
        null,
        null,
        null,
        1,
        null,
        null,
        null,
        null,
        1,
        null,
        null,
        1,
        1,
        null,
        null,
        null,
        null,
        1,
        1,
        null,
        null,
        1,
        null,
        null,
        1,
        null,
        null,
        1,
        null,
        1,
        null,
        null,
        null,
        null,
        1,
        null,
        null,
        1,
        null,
        null,
        null,
        null
      ],
      "/home/guidohcosta/projects/devmagic/databazi/config/initializers/application_controller_renderer.rb": [
        null,
        null,
        null,
        null,
        null,
        null,
        null,
        null
      ],
      "/home/guidohcosta/projects/devmagic/databazi/config/initializers/aws.rb": [
        1,
        1,
        1,
        null,
        1,
        null,
        null,
        null,
        null,
        1,
        null,
        null,
        null,
        null,
        null,
        1
      ],
      "/home/guidohcosta/projects/devmagic/databazi/config/initializers/backtrace_silencers.rb": [
        null,
        null,
        null,
        null,
        null,
        null,
        null
      ],
      "/home/guidohcosta/projects/devmagic/databazi/config/initializers/cors.rb": [
        null,
        null,
        null,
        null,
        null,
        null,
        null,
        null,
        null,
        null,
        null,
        null,
        null,
        null,
        null,
        null
      ],
      "/home/guidohcosta/projects/devmagic/databazi/config/initializers/filter_parameter_logging.rb": [
        null,
        null,
        null,
        1
      ],
      "/home/guidohcosta/projects/devmagic/databazi/config/initializers/inflections.rb": [
        null,
        null,
        null,
        null,
        null,
        null,
        null,
        null,
        null,
        null,
        null,
        null,
        null,
        null,
        null,
        null
      ],
      "/home/guidohcosta/projects/devmagic/databazi/config/initializers/mime_types.rb": [
        null,
        null,
        null,
        null
      ],
      "/home/guidohcosta/projects/devmagic/databazi/config/initializers/swagger_ui_engine.rb": [
        1,
        1,
        null,
        null,
        null
      ],
      "/home/guidohcosta/projects/devmagic/databazi/config/initializers/wrap_parameters.rb": [
        null,
        null,
        null,
        null,
        null,
        null,
        1,
        2,
        null,
        null,
        null,
        null,
        null,
        null
      ],
      "/home/guidohcosta/projects/devmagic/databazi/spec/factories/college_courses.rb": [
        1,
        1,
        11,
        11,
        null,
        null
      ],
      "/home/guidohcosta/projects/devmagic/databazi/spec/factories/english_levels.rb": [
        1,
        1,
        1,
        null,
        null
      ],
      "/home/guidohcosta/projects/devmagic/databazi/spec/factories/exchange_participants.rb": [
        1,
        1,
        11,
        11,
        11,
        11,
        11,
        1,
        1,
        1,
        null,
        null
      ],
      "/home/guidohcosta/projects/devmagic/databazi/spec/factories/ge_participants.rb": [
        1,
        1,
        1,
        null,
        null
      ],
      "/home/guidohcosta/projects/devmagic/databazi/spec/factories/gt_participants.rb": [
        1,
        1,
        1,
        1,
        null,
        null
      ],
      "/home/guidohcosta/projects/devmagic/databazi/spec/factories/gv_participants.rb": [
        1,
        1,
        null,
        null
      ],
      "/home/guidohcosta/projects/devmagic/databazi/spec/factories/local_committees.rb": [
        1,
        1,
        11,
        11,
        11,
        null,
        null
      ],
      "/home/guidohcosta/projects/devmagic/databazi/spec/factories/universities.rb": [
        1,
        1,
        11,
        11,
        null,
        null
      ],
      "/home/guidohcosta/projects/devmagic/databazi/config/routes.rb": [
        1,
        1,
        null,
        1,
        null,
        1,
        1,
        1,
        1,
        1,
        1,
        null
      ],
      "/home/guidohcosta/projects/devmagic/databazi/app/controllers/ge_participants_controller.rb": [
        1,
        1,
        null,
        1,
        11,
        null,
        1,
        null,
        1,
        6,
        null,
        null,
        null,
        null,
        null,
        null,
        null,
        null,
        null,
        1,
        6,
        null,
        null,
        null,
        null,
        null,
        null,
        null,
        null,
        1,
        null,
        6,
        null,
        null,
        null,
        1,
        null,
        6,
        null,
        null
      ],
      "/home/guidohcosta/projects/devmagic/databazi/app/controllers/application_controller.rb": [
        1,
        null
      ],
      "/home/guidohcosta/projects/devmagic/databazi/app/controllers/concerns/exchange_participantable.rb": [
        1,
        1,
        null,
        1,
        10,
        6,
        6,
        null,
        4,
        null,
        null,
        null,
        null,
        null,
        null
      ],
      "/home/guidohcosta/projects/devmagic/databazi/app/models/english_level.rb": [
        1,
        1,
        null,
        1,
        null,
        null,
        1,
        10,
        null,
        null
      ],
      "/home/guidohcosta/projects/devmagic/databazi/app/models/application_record.rb": [
        1,
        1,
        null
      ],
      "/home/guidohcosta/projects/devmagic/databazi/app/models/exchange_participant.rb": [
        1,
        1,
        null,
        1,
        1,
        1,
        null,
        1,
        1,
        null,
        1,
        1,
        1,
        1,
        null,
        1,
        0,
        0,
        null,
        null,
        1,
        0,
        null,
        null,
        1,
        0,
        null,
        null,
        1,
        6,
        null,
        null,
        1,
        null,
        1,
        6,
        null,
        null,
        1,
        6,
        null,
        6,
        null,
        null
      ],
      "/home/guidohcosta/projects/devmagic/databazi/app/models/local_committee.rb": [
        1,
        1,
        null,
        1,
        null,
        1,
        0,
        null,
        null,
        null,
        null,
        null,
        null,
        null
      ],
      "/home/guidohcosta/projects/devmagic/databazi/app/models/university.rb": [
        1,
        1,
        null,
        1,
        null,
        1,
        1,
        null
      ],
      "/home/guidohcosta/projects/devmagic/databazi/app/models/college_course.rb": [
        1,
        1,
        null,
        1,
        null,
        1,
        1,
        null
      ],
      "/home/guidohcosta/projects/devmagic/databazi/app/models/ge_participant.rb": [
        1,
        1,
        1,
        null,
        1,
        null,
        null,
        null,
        1,
        1,
        null,
        1,
        null,
        null,
        1,
        null
      ],
      "/home/guidohcosta/projects/devmagic/databazi/app/workers/sign_up_worker.rb": [
        1,
        1,
        null,
        1,
        null,
        1,
        null,
        null,
        null,
        1,
        0,
        null,
        null
      ]
    },
    "timestamp": 1534447105
  }
}
